<?xml version="1.0" encoding="UTF-8"?>
<testsuite name="com.synqai.coach.board.BoardGeometryTest" tests="4" skipped="0" failures="0" errors="0" timestamp="2026-06-25T19:19:18" hostname="cursor" time="0.015">
  <properties/>
  <testcase name="distance_isZeroForSamePoint" classname="com.synqai.coach.board.BoardGeometryTest" time="0.003"/>
  <testcase name="clampToPitch_keepsPointInsideMargins" classname="com.synqai.coach.board.BoardGeometryTest" time="0.002"/>
  <testcase name="clampToPitch_limitsOverflow" classname="com.synqai.coach.board.BoardGeometryTest" time="0.0"/>
  <testcase name="defaultPositions_spreadsPlayersOnPitch" classname="com.synqai.coach.board.BoardGeometryTest" time="0.01"/>
  <system-out><![CDATA[]]></system-out>
  <system-err><![CDATA[]]></system-err>
</testsuite>
